{
  "RSpec": {
    "coverage": {
      "/home/italo/projetos/github/restaurants-guide/app/models/user.rb": {
        "lines": [
          1,
          null,
          null,
          1,
          null,
          1,
          1,
          1,
          null,
          1,
          222,
          null,
          null,
          1,
          297,
          null,
          null
        ]
      },
      "/home/italo/projetos/github/restaurants-guide/app/models/application_record.rb": {
        "lines": [
          1,
          1,
          null
        ]
      },
      "/home/italo/projetos/github/restaurants-guide/app/models/restaurant.rb": {
        "lines": [
          1,
          1,
          1,
          1,
          1,
          1,
          1,
          1,
          1,
          1,
          null,
          1,
          1,
          1,
          1,
          1,
          1,
          null,
          null,
          1,
          27,
          27,
          21,
          2,
          null,
          null,
          27,
          4,
          2,
          2,
          null,
          25,
          null,
          null,
          null
        ]
      },
      "/home/italo/projetos/github/restaurants-guide/app/models/cuisine.rb": {
        "lines": [
          1,
          1,
          null,
          null
        ]
      },
      "/home/italo/projetos/github/restaurants-guide/app/controllers/ads_controller.rb": {
        "lines": [
          1,
          1,
          1,
          1,
          null,
          1,
          5,
          null,
          null,
          1,
          3,
          null,
          null,
          1,
          4,
          null,
          null,
          1,
          4,
          4,
          3,
          3,
          null,
          1,
          null,
          null,
          null,
          1,
          1,
          1,
          1,
          null,
          null,
          1,
          null,
          1,
          4,
          null,
          null,
          1,
          8,
          null,
          null,
          1,
          18,
          1,
          null,
          null,
          null
        ]
      },
      "/home/italo/projetos/github/restaurants-guide/app/controllers/application_controller.rb": {
        "lines": [
          1,
          1,
          null,
          1,
          null,
          1,
          null,
          1,
          121,
          93,
          null,
          null,
          null,
          null,
          null,
          null,
          91,
          null,
          null,
          null,
          1,
          1,
          3,
          3,
          null,
          null,
          null
        ]
      },
      "/home/italo/projetos/github/restaurants-guide/app/models/ad.rb": {
        "lines": [
          1,
          1,
          1,
          1,
          null
        ]
      },
      "/home/italo/projetos/github/restaurants-guide/app/controllers/home_controller.rb": {
        "lines": [
          1,
          1,
          1,
          8,
          null,
          null,
          1,
          null,
          1,
          null,
          1,
          1,
          1,
          1,
          1,
          0,
          null,
          null,
          null,
          null,
          1,
          null,
          1,
          1,
          null,
          null,
          null,
          null,
          null,
          null,
          null,
          null,
          null,
          null
        ]
      },
      "/home/italo/projetos/github/restaurants-guide/app/models/full_ad.rb": {
        "lines": [
          1,
          1,
          1,
          1,
          null
        ]
      },
      "/home/italo/projetos/github/restaurants-guide/app/models/comment.rb": {
        "lines": [
          1,
          1,
          1,
          1,
          null
        ]
      },
      "/home/italo/projetos/github/restaurants-guide/app/controllers/restaurants_controller.rb": {
        "lines": [
          1,
          1,
          1,
          1,
          1,
          null,
          1,
          12,
          null,
          null,
          1,
          20,
          null,
          null,
          1,
          2,
          2,
          null,
          null,
          1,
          5,
          null,
          null,
          1,
          2,
          2,
          1,
          1,
          null,
          1,
          1,
          null,
          null,
          null,
          1,
          5,
          4,
          4,
          null,
          1,
          1,
          null,
          null,
          null,
          1,
          1,
          1,
          1,
          null,
          null,
          1,
          null,
          1,
          30,
          null,
          null,
          1,
          7,
          null,
          null,
          null,
          null,
          null,
          null,
          null,
          7,
          7,
          null,
          null,
          1,
          10,
          null,
          null,
          1,
          26,
          null,
          null
        ]
      },
      "/home/italo/projetos/github/restaurants-guide/app/models/rating.rb": {
        "lines": [
          1,
          1,
          1,
          null
        ]
      },
      "/home/italo/projetos/github/restaurants-guide/app/controllers/comments_controller.rb": {
        "lines": [
          1,
          1,
          1,
          1,
          1,
          1,
          1,
          1,
          null,
          null,
          1,
          1,
          1,
          1,
          1,
          1,
          null,
          null,
          1,
          1,
          1,
          1,
          1,
          1,
          null,
          null
        ]
      },
      "/home/italo/projetos/github/restaurants-guide/app/controllers/cuisines_controller.rb": {
        "lines": [
          1,
          1,
          1,
          1,
          null,
          1,
          7,
          null,
          null,
          1,
          null,
          1,
          3,
          null,
          null,
          1,
          null,
          1,
          3,
          3,
          1,
          1,
          null,
          2,
          null,
          null,
          null,
          1,
          2,
          1,
          1,
          null,
          1,
          null,
          null,
          null,
          1,
          null,
          1,
          5,
          null,
          null,
          1,
          9,
          null,
          null,
          1,
          23,
          1,
          1,
          null,
          null,
          null
        ]
      },
      "/home/italo/projetos/github/restaurants-guide/app/controllers/full_ads_controller.rb": {
        "lines": [
          1,
          1,
          1,
          1,
          null,
          1,
          4,
          null,
          null,
          1,
          2,
          null,
          null,
          1,
          3,
          null,
          null,
          1,
          3,
          3,
          2,
          2,
          null,
          1,
          null,
          null,
          null,
          1,
          1,
          1,
          1,
          null,
          null,
          1,
          null,
          1,
          3,
          null,
          null,
          1,
          6,
          null,
          null,
          1,
          14,
          1,
          null,
          null,
          null
        ]
      },
      "/home/italo/projetos/github/restaurants-guide/app/controllers/users_controller.rb": {
        "lines": [
          1,
          1,
          1,
          null,
          1,
          5,
          5,
          5,
          5,
          5,
          5,
          5,
          5,
          null,
          null,
          1,
          1,
          1,
          1,
          1,
          null,
          null,
          1,
          1,
          1,
          1,
          1,
          null,
          null,
          1,
          null,
          1,
          8,
          1,
          1,
          null,
          null,
          null,
          null
        ]
      },
      "/home/italo/projetos/github/restaurants-guide/app/controllers/api/v1/cuisines_controller.rb": {
        "lines": [
          0,
          null,
          0,
          0,
          0,
          0,
          null,
          0
        ],
        "branches": {
        }
      },
      "/home/italo/projetos/github/restaurants-guide/app/controllers/api/v1/home_controller.rb": {
        "lines": [
          0,
          null,
          0,
          0,
          0,
          0,
          0,
          0,
          0,
          0,
          0,
          0,
          0,
          0,
          null,
          0,
          null,
          null,
          null,
          null
        ],
        "branches": {
        }
      },
      "/home/italo/projetos/github/restaurants-guide/app/controllers/api/v1/api_controller.rb": {
        "lines": [
          0,
          0
        ],
        "branches": {
        }
      },
      "/home/italo/projetos/github/restaurants-guide/app/controllers/ratings_controller.rb": {
        "lines": [
          0,
          0,
          0,
          0,
          0,
          0,
          0,
          0,
          0,
          null,
          0,
          0,
          0,
          0,
          0,
          0,
          0,
          0,
          0,
          0,
          0
        ],
        "branches": {
        }
      }
    },
    "timestamp": 1590654632
  }
}
